#
# There is insufficient memory for the Java Runtime Environment to continue.
# Native memory allocation (mmap) failed to map 67108864 bytes for Failed to commit area from 0x00000000fc000000 to 0x0000000100000000 of length 67108864.
# Possible reasons:
#   The system is out of physical RAM or swap space
#   The process is running with CompressedOops enabled, and the Java Heap may be blocking the growth of the native heap
# Possible solutions:
#   Reduce memory load on the system
#   Increase physical memory or swap space
#   Check if swap backing store is full
#   Decrease Java heap size (-Xmx/-Xms)
#   Decrease number of Java threads
#   Decrease Java thread stack sizes (-Xss)
#   Set larger code cache with -XX:ReservedCodeCacheSize=
# This output file may be truncated or incomplete.
#
#  Out of Memory Error (./src/hotspot/os/windows/os_windows.cpp:3387), pid=4248, tid=1296
#
# JRE version:  (11.0.14.1+1) (build )
# Java VM: OpenJDK 64-Bit Server VM (11.0.14.1+1, mixed mode, sharing, tiered, compressed oops, g1 gc, windows-amd64)
# No core dump will be written. Minidumps are not enabled by default on client versions of Windows
#

---------------  S U M M A R Y ------------

Command Line: -Xmx64m -Xms64m -Dorg.gradle.appname=gradlew org.gradle.wrapper.GradleWrapperMain tasks

Host: Intel(R) Core(TM) i7-10750H CPU @ 2.60GHz, 12 cores, 7G,  Windows 11 , 64 bit Build 22621 (10.0.22621.2428)
Time: Fri Oct 27 17:04:52 2023 SE Asia Standard Time elapsed time: 0.028741 seconds (0d 0h 0m 0s)

---------------  T H R E A D  ---------------

Current thread (0x0000021c9b44d000):  JavaThread "Unknown thread" [_thread_in_vm, id=1296, stack(0x000000e6ada00000,0x000000e6adb00000)]

Stack: [0x000000e6ada00000,0x000000e6adb00000]
Native frames: (J=compiled Java code, j=interpreted, Vv=VM code, C=native code)
V  [jvm.dll+0x61e59a]
V  [jvm.dll+0x7aaca9]
V  [jvm.dll+0x7ac398]
V  [jvm.dll+0x7aca73]
V  [jvm.dll+0x24f9b8]
V  [jvm.dll+0x61b83a]
V  [jvm.dll+0x6100c5]
V  [jvm.dll+0x30772c]
V  [jvm.dll+0x3075b2]
V  [jvm.dll+0x30c2d6]
V  [jvm.dll+0x35272f]
V  [jvm.dll+0x352160]
V  [jvm.dll+0x2e4728]
V  [jvm.dll+0x2e5886]
V  [jvm.dll+0x784b07]
V  [jvm.dll+0x78628f]
V  [jvm.dll+0x35f479]
V  [jvm.dll+0x767aa0]
V  [jvm.dll+0x3ccf1f]
V  [jvm.dll+0x3cf2b1]
C  [jli.dll+0x5207]
C  [ucrtbase.dll+0x29363]
C  [KERNEL32.DLL+0x1257d]
C  [ntdll.dll+0x5aa78]


---------------  P R O C E S S  ---------------

Threads class SMR info:
_java_thread_list=0x0000021c992f8380, length=0, elements={
}

Java Threads: ( => current thread )

Other Threads:
  0x0000021c9b467800 GCTaskThread "GC Thread#0" [stack: 0x000000e6adb00000,0x000000e6adc00000] [id=10972]
  0x0000021c9b46f800 ConcurrentGCThread "G1 Main Marker" [stack: 0x000000e6adc00000,0x000000e6add00000] [id=10900]
  0x0000021c9b471800 ConcurrentGCThread "G1 Conc#0" [stack: 0x000000e6add00000,0x000000e6ade00000] [id=6324]

[error occurred during error reporting (printing all threads), id 0xc0000005, EXCEPTION_ACCESS_VIOLATION (0xc0000005) at pc=0x00007ffc74733ef7]

VM state:not at safepoint (not fully initialized)

VM Mutex/Monitor currently owned by a thread:  ([mutex/lock_event])
[0x0000021c9b449d70] Heap_lock - owner thread: 0x0000021c9b44d000

Heap address: 0x00000000fc000000, size: 64 MB, Compressed Oops mode: Non-zero based: 0x00000000fc000000
Narrow klass base: 0x0000000000000000, Narrow klass shift: 0

GC Heap History (0 events):
No events

Deoptimization events (0 events):
No events

Classes redefined (0 events):
No events

Internal exceptions (0 events):
No events

Events (1 events):
Event: 0.007 Loaded shared library C:\Program Files\Eclipse Adoptium\jdk-11.0.14.101-hotspot\bin\zip.dll


Dynamic libraries:
0x00007ff60ded0000 - 0x00007ff60dedd000 	C:\Program Files\Eclipse Adoptium\jdk-11.0.14.101-hotspot\bin\java.exe
0x00007ffccff90000 - 0x00007ffcd01a7000 	C:\WINDOWS\SYSTEM32\ntdll.dll
0x00007ffccf1c0000 - 0x00007ffccf284000 	C:\WINDOWS\System32\KERNEL32.DLL
0x00007ffccd430000 - 0x00007ffccd7d6000 	C:\WINDOWS\System32\KERNELBASE.dll
0x00007ffccd7e0000 - 0x00007ffccd8f1000 	C:\WINDOWS\System32\ucrtbase.dll
0x00007ffc9b8c0000 - 0x00007ffc9b8d7000 	C:\Program Files\Eclipse Adoptium\jdk-11.0.14.101-hotspot\bin\jli.dll
0x00007ffc960d0000 - 0x00007ffc960e5000 	C:\Program Files\Eclipse Adoptium\jdk-11.0.14.101-hotspot\bin\VCRUNTIME140.dll
0x00007ffcce680000 - 0x00007ffcce82d000 	C:\WINDOWS\System32\USER32.dll
0x00007ffccdcc0000 - 0x00007ffccdce6000 	C:\WINDOWS\System32\win32u.dll
0x00007ffcbb060000 - 0x00007ffcbb2f3000 	C:\WINDOWS\WinSxS\amd64_microsoft.windows.common-controls_6595b64144ccf1df_6.0.22621.2361_none_2712ced57382f843\COMCTL32.dll
0x00007ffccfaf0000 - 0x00007ffccfb19000 	C:\WINDOWS\System32\GDI32.dll
0x00007ffccfdd0000 - 0x00007ffccfe77000 	C:\WINDOWS\System32\msvcrt.dll
0x00007ffccd310000 - 0x00007ffccd428000 	C:\WINDOWS\System32\gdi32full.dll
0x00007ffccdbb0000 - 0x00007ffccdc4a000 	C:\WINDOWS\System32\msvcp_win.dll
0x00007ffccfe80000 - 0x00007ffccfeb1000 	C:\WINDOWS\System32\IMM32.DLL
0x00007ffc80940000 - 0x00007ffc809db000 	C:\Program Files\Eclipse Adoptium\jdk-11.0.14.101-hotspot\bin\msvcp140.dll
0x00007ffc74440000 - 0x00007ffc74fc1000 	C:\Program Files\Eclipse Adoptium\jdk-11.0.14.101-hotspot\bin\server\jvm.dll
0x00007ffccf110000 - 0x00007ffccf1c0000 	C:\WINDOWS\System32\ADVAPI32.dll
0x00007ffcce8f0000 - 0x00007ffcce996000 	C:\WINDOWS\System32\sechost.dll
0x00007ffcceda0000 - 0x00007ffcceeb7000 	C:\WINDOWS\System32\RPCRT4.dll
0x00007ffcce9b0000 - 0x00007ffcce9b8000 	C:\WINDOWS\System32\PSAPI.DLL
0x00007ffcc58e0000 - 0x00007ffcc5914000 	C:\WINDOWS\SYSTEM32\WINMM.dll
0x00007ffcb52e0000 - 0x00007ffcb52e9000 	C:\WINDOWS\SYSTEM32\WSOCK32.dll
0x00007ffcc6290000 - 0x00007ffcc629a000 	C:\WINDOWS\SYSTEM32\VERSION.dll
0x00007ffccfec0000 - 0x00007ffccff31000 	C:\WINDOWS\System32\WS2_32.dll
0x00007ffccc440000 - 0x00007ffccc458000 	C:\WINDOWS\SYSTEM32\kernel.appcore.dll
0x00007ffca3900000 - 0x00007ffca3910000 	C:\Program Files\Eclipse Adoptium\jdk-11.0.14.101-hotspot\bin\verify.dll
0x00007ffcca9f0000 - 0x00007ffccac1e000 	C:\WINDOWS\SYSTEM32\DBGHELP.DLL
0x00007ffcce9c0000 - 0x00007ffcced4a000 	C:\WINDOWS\System32\combase.dll
0x00007ffcce3c0000 - 0x00007ffcce497000 	C:\WINDOWS\System32\OLEAUT32.dll
0x00007ffcc38f0000 - 0x00007ffcc3922000 	C:\WINDOWS\SYSTEM32\dbgcore.DLL
0x00007ffccdb30000 - 0x00007ffccdbaa000 	C:\WINDOWS\System32\bcryptPrimitives.dll
0x00007ffc8f210000 - 0x00007ffc8f238000 	C:\Program Files\Eclipse Adoptium\jdk-11.0.14.101-hotspot\bin\java.dll
0x00007ffca2c00000 - 0x00007ffca2c0a000 	C:\Program Files\Eclipse Adoptium\jdk-11.0.14.101-hotspot\bin\jimage.dll
0x00007ffc95da0000 - 0x00007ffc95db8000 	C:\Program Files\Eclipse Adoptium\jdk-11.0.14.101-hotspot\bin\zip.dll

dbghelp: loaded successfully - version: 4.0.5 - missing functions: none
symbol engine: initialized successfully - sym options: 0x614 - pdb path: .;C:\Program Files\Eclipse Adoptium\jdk-11.0.14.101-hotspot\bin;C:\WINDOWS\SYSTEM32;C:\WINDOWS\WinSxS\amd64_microsoft.windows.common-controls_6595b64144ccf1df_6.0.22621.2361_none_2712ced57382f843;C:\Program Files\Eclipse Adoptium\jdk-11.0.14.101-hotspot\bin\server

VM Arguments:
jvm_args: -Xmx64m -Xms64m -Dorg.gradle.appname=gradlew 
java_command: org.gradle.wrapper.GradleWrapperMain tasks
java_class_path (initial): D:\ATMA JAYA\Semester 7\P3L\P3L_Project\p3l_mobile\android\\gradle\wrapper\gradle-wrapper.jar
Launcher Type: SUN_STANDARD

[Global flags]
     intx CICompilerCount                          = 4                                         {product} {ergonomic}
     uint ConcGCThreads                            = 3                                         {product} {ergonomic}
     uint G1ConcRefinementThreads                  = 10                                        {product} {ergonomic}
   size_t G1HeapRegionSize                         = 1048576                                   {product} {ergonomic}
    uintx GCDrainStackTargetSize                   = 64                                        {product} {ergonomic}
   size_t InitialHeapSize                          = 67108864                                  {product} {command line}
   size_t MarkStackSize                            = 4194304                                   {product} {ergonomic}
   size_t MaxHeapSize                              = 67108864                                  {product} {command line}
   size_t MinHeapDeltaBytes                        = 1048576                                   {product} {ergonomic}
    uintx NonNMethodCodeHeapSize                   = 5836300                                {pd product} {ergonomic}
    uintx NonProfiledCodeHeapSize                  = 122910970                              {pd product} {ergonomic}
    uintx ProfiledCodeHeapSize                     = 122910970                              {pd product} {ergonomic}
    uintx ReservedCodeCacheSize                    = 251658240                              {pd product} {ergonomic}
     bool SegmentedCodeCache                       = true                                      {product} {ergonomic}
     bool UseCompressedClassPointers               = true                                 {lp64_product} {ergonomic}
     bool UseCompressedOops                        = true                                 {lp64_product} {ergonomic}
     bool UseG1GC                                  = true                                      {product} {ergonomic}
     bool UseLargePagesIndividualAllocation        = false                                  {pd product} {ergonomic}

Logging:
Log output configuration:
 #0: stdout all=warning uptime,level,tags
 #1: stderr all=off uptime,level,tags

Environment Variables:
JAVA_HOME=C:\Program Files\Eclipse Adoptium\jdk-11.0.14.101-hotspot\
CLASSPATH=D:\ATMA JAYA\Semester 7\P3L\P3L_Project\p3l_mobile\android\\gradle\wrapper\gradle-wrapper.jar
PATH=D:\ATMA JAYA\Semester 7\P3L\P3L_Project\p3l_mobile\node_modules\.bin;D:\ATMA JAYA\Semester 7\P3L\P3L_Project\p3l_mobile\node_modules\.bin;D:\ATMA JAYA\Semester 7\P3L\P3L_Project\node_modules\.bin;D:\ATMA JAYA\Semester 7\P3L\node_modules\.bin;D:\ATMA JAYA\Semester 7\node_modules\.bin;D:\ATMA JAYA\node_modules\.bin;D:\node_modules\.bin;C:\Program Files\nodejs\node_modules\npm\node_modules\@npmcli\run-script\lib\node-gyp-bin;C:\Program Files\Eclipse Adoptium\jdk-11.0.14.101-hotspot\bin;C:\Windows\system32;C:\Windows;C:\Windows\System32\Wbem;C:\Windows\System32\WindowsPowerShell\v1.0\;C:\Windows\System32\OpenSSH\;C:\Program Files (x86)\NVIDIA Corporation\PhysX\Common;C:\Program Files\NVIDIA Corporation\NVIDIA NvDLISR;C:\Program Files\Git\cmd;C:\Program Files\nodejs\;C:\xampp\php;C:\ProgramData\ComposerSetup\bin;%SystemRoot%\system32;%SystemRoot%;%SystemRoot%\System32\Wbem;%SYSTEMROOT%\System32\WindowsPowerShell\v1.0\;%SYSTEMROOT%\System32\OpenSSH\;C:\Users\Asus\AppData\Local\Microsoft\WindowsApps;C:\Users\Asus\AppData\Local\Programs\Microsoft VS Code\bin;C:\Users\Asus\AppData\Local\GitHubDesktop\bin;C:\Users\Asus\AppData\Roaming\npm;C:\Users\Asus\AppData\Roaming\Composer\vendor\bin;
USERNAME=Asus
LANG=en_US.UTF-8
OS=Windows_NT
PROCESSOR_IDENTIFIER=Intel64 Family 6 Model 165 Stepping 2, GenuineIntel



---------------  S Y S T E M  ---------------

OS: Windows 11 , 64 bit Build 22621 (10.0.22621.2428)
OS uptime: 0 days 22:25 hours

CPU:total 12 (initial active 12) (6 cores per cpu, 2 threads per core) family 6 model 165 stepping 2 microcode 0xe0, cmov, cx8, fxsr, mmx, sse, sse2, sse3, ssse3, sse4.1, sse4.2, popcnt, avx, avx2, aes, clmul, erms, 3dnowpref, lzcnt, ht, tsc, tscinvbit, bmi1, bmi2, adx, fma

Memory: 4k page, system-wide physical 8025M (408M free)
TotalPageFile size 32601M (AvailPageFile size 14M)
current process WorkingSet (physical memory assigned to process): 10M, peak: 10M
current process commit charge ("private bytes"): 63M, peak: 127M

vm_info: OpenJDK 64-Bit Server VM (11.0.14.1+1) for windows-amd64 JRE (11.0.14.1+1), built on Feb  9 2022 01:48:27 by "" with unknown MS VC++:1916

END.
